<?xml version="1.0" encoding="UTF-8"?>
<!-- Generated by org.testng.reporters.JUnitXMLReporter -->
<testsuite hostname="WINCTRL-RP1RR65" ignored="0" tests="13" failures="0" timestamp="17 Aug 2020 13:01:34 GMT" time="147.451" errors="0">
  <testcase name="testcase_01" time="4.785" classname="TS_Login_01"/>
  <testcase name="testcase_02" time="2.198" classname="TS_Login_01"/>
  <testcase name="testcase_03" time="2.13" classname="TS_Login_01"/>
  <testcase name="testcase_04" time="8.982" classname="TS_Login_01"/>
  <testcase name="testcase_05" time="8.888" classname="TS_Login_01"/>
  <testcase name="testcase_06" time="8.856" classname="TS_Login_01"/>
  <testcase name="testcase_07" time="9.06" classname="TS_Login_01"/>
  <testcase name="testcase_08" time="0.435" classname="TS_Login_01"/>
  <testcase name="testcase_09" time="0.388" classname="TS_Login_01"/>
  <testcase name="testcase_10" time="4.772" classname="TS_Login_01"/>
  <testcase name="testcase_11" time="4.721" classname="TS_Login_01"/>
  <testcase name="testcase_12" time="4.609" classname="TS_Login_01"/>
  <testcase name="testcase_13" time="4.608" classname="TS_Login_01"/>
</testsuite>
