<?xml version="1.0" encoding="UTF-8"?>
<!-- Generated by org.testng.reporters.JUnitXMLReporter -->
<testsuite hostname="WINCTRL-RP1RR65" ignored="0" tests="10" failures="0" timestamp="09 Aug 2020 15:05:51 GMT" time="157.537" errors="0">
  <testcase name="testcase_001" time="13.132" classname="TS_Login_001"/>
  <testcase name="testcase_002" time="9.876" classname="TS_Login_001"/>
  <testcase name="testcase_003" time="9.875" classname="TS_Login_001"/>
  <testcase name="testcase_004" time="9.784" classname="TS_Login_001"/>
  <testcase name="testcase_005" time="0.003" classname="TS_Login_001"/>
  <testcase name="testcase_006" time="6.692" classname="TS_Login_001"/>
  <testcase name="testcase_007" time="3.475" classname="TS_Login_001"/>
  <testcase name="testcase_008" time="3.424" classname="TS_Login_001"/>
  <testcase name="testcase_009" time="3.451" classname="TS_Login_001"/>
  <testcase name="testcase_010" time="0.002" classname="TS_Login_001"/>
</testsuite>
